# dune runtest -f
# OCAMLPARAM: unset
# Shared cache: disabled
# Workspace root: /home/rflite/cmsc330/project-4a-rfuente5
# Auto-detected concurrency: 2
$ /usr/bin/ocamlc.opt -config > /tmp/dune_21be0c_output
# Dune context:
#  { name = "default"
#  ; kind = "default"
#  ; profile = Dev
#  ; merlin = true
#  ; for_host = None
#  ; fdo_target_exe = None
#  ; build_dir = In_build_dir "default"
#  ; toplevel_path = Some External "/home/rflite/.opam/default/lib/toplevel"
#  ; ocaml_bin = External "/usr/bin"
#  ; ocaml = Ok External "/home/rflite/.opam/default/bin/ocaml"
#  ; ocamlc = External "/usr/bin/ocamlc.opt"
#  ; ocamlopt = Ok External "/usr/bin/ocamlopt.opt"
#  ; ocamldep = Ok External "/usr/bin/ocamldep.opt"
#  ; ocamlmklib = Ok External "/usr/bin/ocamlmklib.opt"
#  ; env =
#      map
#        { "DUNE_OCAML_HARDCODED" : "/home/rflite/.opam/default/lib"
#        ; "DUNE_OCAML_STDLIB" : "/usr/lib/ocaml"
#        ; "DUNE_SOURCEROOT" : "/home/rflite/cmsc330/project-4a-rfuente5"
#        ; "INSIDE_DUNE" :
#            "/home/rflite/cmsc330/project-4a-rfuente5/_build/default"
#        ; "OCAMLFIND_IGNORE_DUPS_IN" :
#            "/home/rflite/cmsc330/project-4a-rfuente5/_build/install/default/lib"
#        ; "OCAMLPATH" :
#            "/home/rflite/cmsc330/project-4a-rfuente5/_build/install/default/lib"
#        ; "OCAMLTOP_INCLUDE_PATH" :
#            "/home/rflite/cmsc330/project-4a-rfuente5/_build/install/default/lib/toplevel"
#        ; "OCAML_COLOR" : "always"
#        ; "OPAMCOLOR" : "always"
#        }
#  ; findlib_paths = [ External "/home/rflite/.opam/default/lib" ]
#  ; arch_sixtyfour = true
#  ; natdynlink_supported = true
#  ; supports_shared_libraries = true
#  ; ocaml_config =
#      { version = "4.13.1"
#      ; standard_library_default = "/usr/lib/ocaml"
#      ; standard_library = "/usr/lib/ocaml"
#      ; standard_runtime = "the_standard_runtime_variable_was_deleted"
#      ; ccomp_type = "cc"
#      ; c_compiler = "x86_64-linux-gnu-gcc"
#      ; ocamlc_cflags =
#          [ "-O2"
#          ; "-fno-strict-aliasing"
#          ; "-fwrapv"
#          ; "-pthread"
#          ; "-fPIC"
#          ; "-g"
#          ; "-O2"
#          ; "-ffile-prefix-map=/build/ocaml-SC7b9w/ocaml-4.13.1=."
#          ; "-fstack-protector-strong"
#          ; "-Wformat"
#          ; "-Werror=format-security"
#          ]
#      ; ocamlc_cppflags =
#          [ "-D_FILE_OFFSET_BITS=64"; "-Wdate-time"; "-D_FORTIFY_SOURCE=2" ]
#      ; ocamlopt_cflags =
#          [ "-O2"
#          ; "-fno-strict-aliasing"
#          ; "-fwrapv"
#          ; "-pthread"
#          ; "-fPIC"
#          ; "-g"
#          ; "-O2"
#          ; "-ffile-prefix-map=/build/ocaml-SC7b9w/ocaml-4.13.1=."
#          ; "-fstack-protector-strong"
#          ; "-Wformat"
#          ; "-Werror=format-security"
#          ]
#      ; ocamlopt_cppflags =
#          [ "-D_FILE_OFFSET_BITS=64"; "-Wdate-time"; "-D_FORTIFY_SOURCE=2" ]
#      ; bytecomp_c_compiler =
#          [ "x86_64-linux-gnu-gcc"
#          ; "-O2"
#          ; "-fno-strict-aliasing"
#          ; "-fwrapv"
#          ; "-pthread"
#          ; "-fPIC"
#          ; "-g"
#          ; "-O2"
#          ; "-ffile-prefix-map=/build/ocaml-SC7b9w/ocaml-4.13.1=."
#          ; "-fstack-protector-strong"
#          ; "-Wformat"
#          ; "-Werror=format-security"
#          ; "-D_FILE_OFFSET_BITS=64"
#          ; "-Wdate-time"
#          ; "-D_FORTIFY_SOURCE=2"
#          ]
#      ; bytecomp_c_libraries = [ "-lm"; "-lpthread" ]
#      ; native_c_compiler =
#          [ "x86_64-linux-gnu-gcc"
#          ; "-O2"
#          ; "-fno-strict-aliasing"
#          ; "-fwrapv"
#          ; "-pthread"
#          ; "-fPIC"
#          ; "-g"
#          ; "-O2"
#          ; "-ffile-prefix-map=/build/ocaml-SC7b9w/ocaml-4.13.1=."
#          ; "-fstack-protector-strong"
#          ; "-Wformat"
#          ; "-Werror=format-security"
#          ; "-D_FILE_OFFSET_BITS=64"
#          ; "-Wdate-time"
#          ; "-D_FORTIFY_SOURCE=2"
#          ]
#      ; native_c_libraries = [ "-lm" ]
#      ; native_pack_linker = [ "x86_64-linux-gnu-ld"; "-r"; "-o" ]
#      ; cc_profile = []
#      ; architecture = "amd64"
#      ; model = "default"
#      ; int_size = 63
#      ; word_size = 64
#      ; system = "linux"
#      ; asm = [ "x86_64-linux-gnu-as" ]
#      ; asm_cfi_supported = true
#      ; with_frame_pointers = false
#      ; ext_exe = ""
#      ; ext_obj = ".o"
#      ; ext_asm = ".s"
#      ; ext_lib = ".a"
#      ; ext_dll = ".so"
#      ; os_type = "Unix"
#      ; default_executable_name = "a.out"
#      ; systhread_supported = true
#      ; host = "x86_64-pc-linux-gnu"
#      ; target = "x86_64-pc-linux-gnu"
#      ; profiling = false
#      ; flambda = false
#      ; spacetime = false
#      ; safe_string = true
#      ; exec_magic_number = "Caml1999X030"
#      ; cmi_magic_number = "Caml1999I030"
#      ; cmo_magic_number = "Caml1999O030"
#      ; cma_magic_number = "Caml1999A030"
#      ; cmx_magic_number = "Caml1999Y030"
#      ; cmxa_magic_number = "Caml1999Z030"
#      ; ast_impl_magic_number = "Caml1999M030"
#      ; ast_intf_magic_number = "Caml1999N030"
#      ; cmxs_magic_number = "Caml1999D030"
#      ; cmt_magic_number = "Caml1999T030"
#      ; natdynlink_supported = true
#      ; supports_shared_libraries = true
#      ; windows_unicode = false
#      }
#  }
$ (cd _build/default && /usr/bin/ocamldep.opt -modules -impl src/lexer.ml) > _build/default/src/.p4a.objs/p4a__Lexer.impl.d
$ (cd _build/default && /usr/bin/ocamlopt.opt -w @1..3@5..28@30..39@43@46..47@49..57@61..62-40 -strict-sequence -strict-formats -short-paths -keep-locs -w -27-32-33-34-39 -g -I src/.p4a.objs/byte -I src/.p4a.objs/native -intf-suffix .ml -no-alias-deps -opaque -open P4a -o src/.p4a.objs/native/p4a__Lexer.cmx -c -impl src/lexer.ml)
$ (cd _build/default && /usr/bin/ocamlopt.opt -w @1..3@5..28@30..39@43@46..47@49..57@61..62-40 -strict-sequence -strict-formats -short-paths -keep-locs -w -27-32-33-34-39 -g -a -o src/p4a.cmxa src/.p4a.objs/native/p4a.cmx src/.p4a.objs/native/p4a__TokenTypes.cmx src/.p4a.objs/native/p4a__Lexer.cmx src/.p4a.objs/native/p4a__MicroCamlTypes.cmx src/.p4a.objs/native/p4a__Utils.cmx src/.p4a.objs/native/p4a__Parser.cmx)
$ (cd _build/default && /usr/bin/ocamlopt.opt -w @1..3@5..28@30..39@43@46..47@49..57@61..62-40 -strict-sequence -strict-formats -short-paths -keep-locs -g -o test/public/public.exe /usr/lib/ocaml/str.cmxa -I /usr/lib/ocaml src/p4a.cmxa /usr/lib/ocaml/unix.cmxa -I /usr/lib/ocaml -I /usr/lib/ocaml /home/rflite/.opam/default/lib/stdlib-shims/stdlib_shims.cmxa /home/rflite/.opam/default/lib/ounit2/advanced/oUnitAdvanced.cmxa /home/rflite/.opam/default/lib/ounit2/oUnit.cmxa test/testUtils.cmxa test/public/.public.eobjs/native/dune__exe__Public.cmx)
$ (cd _build/default && /usr/bin/ocamlopt.opt -w @1..3@5..28@30..39@43@46..47@49..57@61..62-40 -strict-sequence -strict-formats -short-paths -keep-locs -g -o test/pbt/pbt.exe /usr/lib/ocaml/str.cmxa -I /usr/lib/ocaml src/p4a.cmxa /usr/lib/ocaml/unix.cmxa -I /usr/lib/ocaml -I /usr/lib/ocaml /home/rflite/.opam/default/lib/stdlib-shims/stdlib_shims.cmxa /home/rflite/.opam/default/lib/ounit2/advanced/oUnitAdvanced.cmxa /home/rflite/.opam/default/lib/ounit2/oUnit.cmxa /home/rflite/.opam/default/lib/qcheck-core/qcheck_core.cmxa /home/rflite/.opam/default/lib/qcheck-core/runner/qcheck_runner.cmxa /home/rflite/.opam/default/lib/qcheck-ounit/qcheck_ounit.cmxa /home/rflite/.opam/default/lib/qcheck/qcheck.cmxa test/testUtils.cmxa test/pbt/.pbt.eobjs/native/dune__exe__Pbt.cmx)
$ (cd _build/default/test/public && ./public.exe)
> ............F.................
> ==============================================================================
> Error: public:11:public_rec_function_factorial.
>
> File "/home/rflite/cmsc330/project-4a-rfuente5/_build/default/test/public/oUnit-public-rflite-HP-ProBook-455-G4#02.log", line 11, characters 1-1:
> Error: public:11:public_rec_function_factorial (in the log).
>
> Raised at OUnitAssert.assert_failure in file "src/lib/ounit2/advanced/oUnitAssert.ml", line 45, characters 2-27
> Called from OUnitRunner.run_one_test.(fun) in file "src/lib/ounit2/advanced/oUnitRunner.ml", line 83, characters 13-26
>
> public_rec_function_factorial
> not equal
> ------------------------------------------------------------------------------
> Ran: 30 tests in: 0.15 seconds.
> FAILED: Cases: 30 Tried: 30 Errors: 0 Failures: 1 Skip:  0 Todo: 0 Timeouts: 0.
[1]
$ (cd _build/default/test/pbt && ./pbt.exe)
> ..F.
> ==============================================================================
> Error: pbt:3:test_operator_precedence.
>
> File "/home/rflite/cmsc330/project-4a-rfuente5/_build/default/test/pbt/oUnit-pbt-rflite-HP-ProBook-455-G4#01.log", line 17, characters 1-1:
> Error: pbt:3:test_operator_precedence (in the log).
>
> File "src/core/QCheck2.ml", line 1843, characters 1-1:
> Error: pbt:3:test_operator_precedence (in the code).
>
>
> test `test_operator_precedence` failed on â‰¥ 1 cases:
> (0, 0, 0) (after 8 shrink steps)
>
>
> ------------------------------------------------------------------------------
> Ran: 4 tests in: 1.54 seconds.
> FAILED: Cases: 4 Tried: 4 Errors: 0 Failures: 1 Skip:  0 Todo: 0 Timeouts: 0.
[1]
